<?xml version="1.0" encoding="UTF-8"?>
<!-- Generated by org.testng.reporters.JUnitReportReporter -->
<testsuite hostname="LAPTOP-M4O2H3ES" failures="0" tests="1" name="Runner.ParallelTestRunner" time="1.738" errors="1" timestamp="2025-04-15T09:41:04 IST" skipped="0">
  <testcase classname="Runner.ParallelTestRunner" name="runScenario" time="1.738">
    <error message="Cannot invoke &quot;java.lang.Boolean.booleanValue()&quot; because the return value of &quot;StepDefinitions.StepContext.getResult()&quot; is null" type="java.lang.NullPointerException">
      <![CDATA[java.lang.NullPointerException: Cannot invoke "java.lang.Boolean.booleanValue()" because the return value of "StepDefinitions.StepContext.getResult()" is null
at StepDefinitions.Hooks.afterStep(Hooks.java:121)
]]>
    </error>
  </testcase> <!-- runScenario -->
  <system-out/>
</testsuite> <!-- Runner.ParallelTestRunner -->
